[2020-04-28 00:55:02] 2020-04-28 00:55:02.618000
[2020-04-28 00:55:03] Continuing Start Up Script
[2020-04-28 00:55:03] [Path Check] Started
[2020-04-28 00:55:03] [Path Check] Good!
[2020-04-28 00:55:03] [Auto Install Repo] Started
[2020-04-28 00:55:03] [Auto Install Repo] Not Enabled
[2020-04-28 00:55:03] [Auto Update Wizard] Started
[2020-04-28 00:55:03] [Auto Update Wizard] Not Enabled
[2020-04-28 00:55:03] [Notifications] Started
[2020-04-28 00:55:03] [Notifications] Not Enabled
[2020-04-28 00:55:03] [Installed Check] Started
[2020-04-28 00:55:03] [Installed Check] Not Enabled
[2020-04-28 00:55:03] [Build Check] Started
[2020-04-28 00:55:03] [Build Check] First Run
[2020-04-28 01:02:26] [Check Updates] [User Selected: Open Build Menu] [Next Check: 2020-04-28]
[2020-04-28 01:02:26] [Trakt Data] Started
[2020-04-28 01:02:26] [Trakt Data] Saving all Data
[2020-04-28 01:02:26] [Real Debrid Data] Started
[2020-04-28 01:02:26] [Real Debrid Data] Saving all Data
[2020-04-28 01:02:27] [Login Data] Started
[2020-04-28 01:02:27] [Login Data] Not Enabled
[2020-04-28 01:02:27] [Auto Clean Up] Started
[2020-04-28 01:02:27] [Auto Clean Up] Turned off
[2020-04-28 01:02:28] [ Version : '5.2020' ] [ Mode : 'builds' ] [ Name : 'None' ] [ Url : 'None' ]
[2020-04-28 01:02:29] [ Version : '5.2020' ] [ Mode : 'builds' ] [ Name : 'None' ] [ Url : 'None' ]
[2020-04-28 01:02:42] [ Version : '5.2020' ] [ Mode : 'None' ] [ Name : 'None' ] [ Url : 'None' ]
[2020-04-28 01:04:28] [ Version : '5.2020' ] [ Mode : 'builds' ] [ Name : 'None' ] [ Url : 'None' ]
[2020-04-28 01:04:39] [ Version : '5.2020' ] [ Mode : 'None' ] [ Name : 'None' ] [ Url : 'None' ]
[2020-04-28 01:04:44] [ Version : '5.2020' ] [ Mode : 'builds' ] [ Name : 'None' ] [ Url : 'None' ]
[2020-04-28 01:04:49] [ Version : '5.2020' ] [ Mode : 'None' ] [ Name : 'None' ] [ Url : 'None' ]
[2020-04-28 02:28:40] [ Version : '5.2020' ] [ Mode : 'None' ] [ Name : 'None' ] [ Url : 'None' ]
[2020-04-28 02:28:44] [ Version : '5.2020' ] [ Mode : 'settings' ] [ Name : 'None' ] [ Url : 'None' ]
[2020-04-28 02:28:52] [ Version : '5.2020' ] [ Mode : 'None' ] [ Name : 'None' ] [ Url : 'None' ]
[2020-04-28 02:28:56] [ Version : '5.2020' ] [ Mode : 'builds' ] [ Name : 'None' ] [ Url : 'None' ]
[2020-04-28 02:29:04] [ Version : '5.2020' ] [ Mode : 'viewbuild' ] [ Name : 'Koden TV Full Surum' ] [ Url : 'None' ]
[2020-04-28 02:29:17] [ Version : '5.2020' ] [ Mode : 'install' ] [ Name : 'Koden TV Full Surum' ] [ Url : 'fresh' ]
[2020-04-28 02:29:26] [ Version : '5.2020' ] [ Mode : 'viewbuild' ] [ Name : 'Koden TV Full Surum' ] [ Url : 'None' ]
[2020-04-28 03:07:20] [ Version : '5.2020' ] [ Mode : 'None' ] [ Name : 'None' ] [ Url : 'None' ]
[2020-04-28 03:12:26] 2020-04-28 03:12:26.759000
[2020-04-28 03:12:28] Continuing Start Up Script
[2020-04-28 03:12:28] [Path Check] Started
[2020-04-28 03:12:28] [Path Check] Good!
[2020-04-28 03:12:28] [Auto Install Repo] Started
[2020-04-28 03:12:28] [Auto Install Repo] Not Enabled
[2020-04-28 03:12:28] [Auto Update Wizard] Started
[2020-04-28 03:12:28] [Auto Update Wizard] Not Enabled
[2020-04-28 03:12:28] [Notifications] Started
[2020-04-28 03:12:28] [Notifications] Not Enabled
[2020-04-28 03:12:28] [Installed Check] Started
[2020-04-28 03:12:28] [Installed Check] Not Enabled
[2020-04-28 03:12:28] [Build Check] Started
[2020-04-28 03:12:28] [Trakt Data] Started
[2020-04-28 03:12:28] [Trakt Data] Not Enabled
[2020-04-28 03:12:28] [Real Debrid Data] Started
[2020-04-28 03:12:28] [Real Debrid Data] Not Enabled
[2020-04-28 03:12:28] [Login Data] Started
[2020-04-28 03:12:28] [Login Data] Not Enabled
[2020-04-28 03:12:28] [Auto Clean Up] Started
[2020-04-28 03:12:28] [Auto Clean Up] Turned off
[2020-04-28 03:19:00] 2020-04-28 03:19:00.821000
[2020-04-28 03:19:02] Continuing Start Up Script
[2020-04-28 03:19:02] [Path Check] Started
[2020-04-28 03:19:02] [Path Check] Good!
[2020-04-28 03:19:02] [Auto Install Repo] Started
[2020-04-28 03:19:02] [Auto Install Repo] Not Enabled
[2020-04-28 03:19:02] [Auto Update Wizard] Started
[2020-04-28 03:19:02] [Auto Update Wizard] Not Enabled
[2020-04-28 03:19:02] [Notifications] Started
[2020-04-28 03:19:02] [Notifications] Not Enabled
[2020-04-28 03:19:02] [Installed Check] Started
[2020-04-28 03:19:02] [Installed Check] Not Enabled
[2020-04-28 03:19:02] [Build Check] Started
[2020-04-28 03:19:02] [Trakt Data] Started
[2020-04-28 03:19:02] [Trakt Data] Not Enabled
[2020-04-28 03:19:02] [Real Debrid Data] Started
[2020-04-28 03:19:02] [Real Debrid Data] Not Enabled
[2020-04-28 03:19:02] [Login Data] Started
[2020-04-28 03:19:02] [Login Data] Not Enabled
[2020-04-28 03:19:02] [Auto Clean Up] Started
[2020-04-28 03:19:02] [Auto Clean Up] Turned off
