[2020-04-27 23:33:41] 2020-04-27 23:33:41.311000
[2020-04-27 23:33:42] Continuing Start Up Script
[2020-04-27 23:33:42] [Path Check] Started
[2020-04-27 23:33:42] [Path Check] Good!
[2020-04-27 23:33:42] [Auto Install Repo] Started
[2020-04-27 23:33:42] [Auto Install Repo] Not Enabled
[2020-04-27 23:33:42] [Auto Update Wizard] Started
[2020-04-27 23:33:42] [Auto Update Wizard] Not Enabled
[2020-04-27 23:33:42] [Notifications] Started
[2020-04-27 23:33:42] [Notifications] Not Enabled
[2020-04-27 23:33:42] [Installed Check] Started
[2020-04-27 23:33:42] [Installed Check] Not Enabled
[2020-04-27 23:33:42] [Build Check] Started
[2020-04-27 23:33:42] [Build Check] First Run
[2020-04-27 23:36:34] [First Run] [User Selected: Ignore Build Menu] [Next Check: 2020-04-27]
[2020-04-27 23:36:35] [Trakt Data] Started
[2020-04-27 23:36:35] [Trakt Data] Saving all Data
[2020-04-27 23:36:35] [Real Debrid Data] Started
[2020-04-27 23:36:35] [Real Debrid Data] Saving all Data
[2020-04-27 23:36:35] [Login Data] Started
[2020-04-27 23:36:35] [Login Data] Not Enabled
[2020-04-27 23:36:35] [Auto Clean Up] Started
[2020-04-27 23:36:35] [Auto Clean Up] Turned off
[2020-04-27 23:36:46] [ Version : '3.6' ] [ Mode : 'None' ] [ Name : 'None' ] [ Url : 'None' ]
[2020-04-27 23:45:20] [ Version : '3.6' ] [ Mode : 'None' ] [ Name : 'None' ] [ Url : 'None' ]
[2020-04-27 23:48:12] [ Version : '3.6' ] [ Mode : 'None' ] [ Name : 'None' ] [ Url : 'None' ]
[2020-04-27 23:48:21] [ Version : '3.6' ] [ Mode : 'builds' ] [ Name : 'None' ] [ Url : 'None' ]
[2020-04-27 23:48:27] [ Version : '3.6' ] [ Mode : 'None' ] [ Name : 'None' ] [ Url : 'None' ]
[2020-04-28 00:11:41] [ Version : '3.6' ] [ Mode : 'None' ] [ Name : 'None' ] [ Url : 'None' ]
[2020-04-28 00:15:55] 2020-04-28 00:15:55.611000
[2020-04-28 00:15:57] Continuing Start Up Script
[2020-04-28 00:15:57] [Path Check] Started
[2020-04-28 00:15:57] [Path Check] Good!
[2020-04-28 00:15:57] [Auto Install Repo] Started
[2020-04-28 00:15:57] [Auto Install Repo] Not Enabled
[2020-04-28 00:15:57] [Auto Update Wizard] Started
[2020-04-28 00:15:57] [Auto Update Wizard] Not Enabled
[2020-04-28 00:15:57] [Notifications] Started
[2020-04-28 00:15:57] [Notifications] Not Enabled
[2020-04-28 00:15:57] [Installed Check] Started
[2020-04-28 00:15:57] [Installed Check] Not Enabled
[2020-04-28 00:15:57] [Build Check] Started
[2020-04-28 00:15:57] [Trakt Data] Started
[2020-04-28 00:15:57] [Trakt Data] Not Enabled
[2020-04-28 00:15:57] [Real Debrid Data] Started
[2020-04-28 00:15:57] [Real Debrid Data] Not Enabled
[2020-04-28 00:15:57] [Login Data] Started
[2020-04-28 00:15:57] [Login Data] Not Enabled
[2020-04-28 00:15:57] [Auto Clean Up] Started
[2020-04-28 00:15:57] [Auto Clean Up] Turned off
[2020-04-28 00:15:59] [ Version : '3.6' ] [ Mode : 'None' ] [ Name : 'None' ] [ Url : 'None' ]
[2020-04-28 00:16:14] [ Version : '3.6' ] [ Mode : 'contact' ] [ Name : 'None' ] [ Url : 'None' ]
[2020-04-28 00:16:23] [ Version : '3.6' ] [ Mode : 'donate3' ] [ Name : 'None' ] [ Url : 'None' ]
[2020-04-28 00:16:32] [ Version : '3.6' ] [ Mode : 'None' ] [ Name : 'None' ] [ Url : 'None' ]
[2020-04-28 00:16:32] [ Version : '3.6' ] [ Mode : 'None' ] [ Name : 'None' ] [ Url : 'None' ]
[2020-04-28 00:16:35] [ Version : '3.6' ] [ Mode : 'builds' ] [ Name : 'None' ] [ Url : 'None' ]
[2020-04-28 00:20:41] [ Version : '3.6' ] [ Mode : 'None' ] [ Name : 'None' ] [ Url : 'None' ]
[2020-04-28 00:21:10] [ Version : '3.6' ] [ Mode : 'None' ] [ Name : 'None' ] [ Url : 'None' ]
[2020-04-28 00:21:22] [ Version : '3.6' ] [ Mode : 'contact' ] [ Name : 'None' ] [ Url : 'None' ]
[2020-04-28 00:21:37] [ Version : '3.6' ] [ Mode : 'settings' ] [ Name : 'None' ] [ Url : 'None' ]
[2020-04-28 00:21:43] [ Version : '3.6' ] [ Mode : 'None' ] [ Name : 'None' ] [ Url : 'None' ]
[2020-04-28 00:21:46] [ Version : '3.6' ] [ Mode : 'viewerrorlog' ] [ Name : 'None' ] [ Url : 'None' ]
[2020-04-28 00:22:27] [ Version : '3.6' ] [ Mode : 'None' ] [ Name : 'None' ] [ Url : 'None' ]
[2020-04-28 00:23:23] [ Version : '3.6' ] [ Mode : 'None' ] [ Name : 'None' ] [ Url : 'None' ]
[2020-04-28 00:23:33] [ Version : '3.6' ] [ Mode : 'builds' ] [ Name : 'None' ] [ Url : 'None' ]
[2020-04-28 00:24:38] [ Version : '3.6' ] [ Mode : 'None' ] [ Name : 'None' ] [ Url : 'None' ]
[2020-04-28 00:24:41] [ Version : '3.6' ] [ Mode : 'builds' ] [ Name : 'None' ] [ Url : 'None' ]
[2020-04-28 00:24:48] [ Version : '3.6' ] [ Mode : 'None' ] [ Name : 'None' ] [ Url : 'None' ]
[2020-04-28 00:25:32] [ Version : '3.6' ] [ Mode : 'None' ] [ Name : 'None' ] [ Url : 'None' ]
[2020-04-28 00:25:40] [ Version : '3.6' ] [ Mode : 'builds' ] [ Name : 'None' ] [ Url : 'None' ]
[2020-04-28 00:26:07] [ Version : '3.6' ] [ Mode : 'viewbuild' ] [ Name : 'KodenTV-Adult' ] [ Url : 'None' ]
[2020-04-28 00:27:01] [ Version : '3.6' ] [ Mode : 'viewbuild' ] [ Name : 'KodenTV-Adult' ] [ Url : 'None' ]
[2020-04-28 00:27:16] [ Version : '3.6' ] [ Mode : 'viewbuild' ] [ Name : 'KodenTV Smart-No XXX ' ] [ Url : 'None' ]
[2020-04-28 00:29:53] [ Version : '3.6' ] [ Mode : 'viewbuild' ] [ Name : 'KodenTV-Adult' ] [ Url : 'None' ]
[2020-04-28 00:29:57] [ Version : '3.6' ] [ Mode : 'install' ] [ Name : 'KodenTV-Adult' ] [ Url : 'fresh' ]
[2020-04-28 00:37:55] [ Version : '3.6' ] [ Mode : 'None' ] [ Name : 'None' ] [ Url : 'None' ]
[2020-04-28 00:40:32] [ Version : '3.6' ] [ Mode : 'builds' ] [ Name : 'None' ] [ Url : 'None' ]
[2020-04-28 00:40:35] [ Version : '3.6' ] [ Mode : 'viewbuild' ] [ Name : 'KodenTV-Adult' ] [ Url : 'None' ]
[2020-04-28 00:40:39] [ Version : '3.6' ] [ Mode : 'install' ] [ Name : 'KodenTV-Adult' ] [ Url : 'fresh' ]
[2020-04-28 00:41:50] [ Version : '3.6' ] [ Mode : 'viewbuild' ] [ Name : 'KodenTV-Adult' ] [ Url : 'None' ]
[2020-04-28 00:41:53] [ Version : '3.6' ] [ Mode : 'install' ] [ Name : 'KodenTV-Adult' ] [ Url : 'fresh' ]
[2020-04-28 00:42:06] [ Version : '3.6' ] [ Mode : 'install' ] [ Name : 'KodenTV-Adult' ] [ Url : 'fresh' ]
[2020-04-28 00:42:13] [ Version : '3.6' ] [ Mode : 'viewbuild' ] [ Name : 'KodenTV-Adult' ] [ Url : 'None' ]
[2020-04-28 00:42:33] [ Version : '3.6' ] [ Mode : 'install' ] [ Name : 'KodenTV-Adult' ] [ Url : 'fresh' ]
[2020-04-28 00:42:46] [ Version : '3.6' ] [ Mode : 'install' ] [ Name : 'KodenTV-Adult' ] [ Url : 'fresh' ]
[2020-04-28 00:43:34] [ Version : '3.6' ] [ Mode : 'viewbuild' ] [ Name : 'KodenTV-Adult' ] [ Url : 'None' ]
[2020-04-28 00:43:37] [ Version : '3.6' ] [ Mode : 'install' ] [ Name : 'KodenTV-Adult' ] [ Url : 'fresh' ]
[2020-04-28 00:43:51] [ Version : '3.6' ] [ Mode : 'viewbuild' ] [ Name : 'KodenTV-Adult' ] [ Url : 'None' ]
[2020-04-28 00:44:50] [ Version : '3.6' ] [ Mode : 'install' ] [ Name : 'KodenTV-Adult' ] [ Url : 'fresh' ]
[2020-04-28 00:44:57] [ Version : '3.6' ] [ Mode : 'viewbuild' ] [ Name : 'KodenTV-Adult' ] [ Url : 'None' ]
[2020-04-28 00:47:51] [ Version : '3.6' ] [ Mode : 'None' ] [ Name : 'None' ] [ Url : 'None' ]
